<?xml version="1.0" encoding="UTF-8"?>
<testsuite name="echotest.EchoTest" tests="1" skipped="0" failures="0" errors="0" timestamp="2022-02-19T13:52:30" hostname="WIN-IMJDOU88CL6" time="2.363">
  <properties/>
  <testcase name="ShouldCheckPostInEchoPostman()" classname="echotest.EchoTest" time="2.363"/>
  <system-out><![CDATA[]]></system-out>
  <system-err><![CDATA[]]></system-err>
</testsuite>
